<?xml version="1.0" encoding="UTF-8"?>
<testng-results ignored="0" total="1" passed="1" failed="0" skipped="0">
  <reporter-output>
  </reporter-output>
  <suite started-at="2023-11-08T15:41:59 IST" name="Default suite" finished-at="2023-11-08T15:41:59 IST" duration-ms="138">
    <groups>
    </groups>
    <test started-at="2023-11-08T15:41:59 IST" name="Default test" finished-at="2023-11-08T15:41:59 IST" duration-ms="138">
      <class name="testCases.sendmail_Next">
        <test-method is-config="true" signature="lanchApp()[pri:0, instance:testCases.sendmail_Next@43dac38f]" started-at="2023-11-08T15:41:59 IST" name="lanchApp" finished-at="2023-11-08T15:41:59 IST" duration-ms="31" status="PASS">
          <reporter-output>
          </reporter-output>
        </test-method> <!-- lanchApp -->
        <test-method is-config="true" signature="login()[pri:0, instance:testCases.sendmail_Next@43dac38f]" started-at="2023-11-08T15:41:59 IST" name="login" finished-at="2023-11-08T15:41:59 IST" duration-ms="3" status="PASS">
          <reporter-output>
          </reporter-output>
        </test-method> <!-- login -->
        <test-method signature="sendmail()[pri:0, instance:testCases.sendmail_Next@43dac38f]" started-at="2023-11-08T15:41:59 IST" name="sendmail" finished-at="2023-11-08T15:41:59 IST" duration-ms="34" status="PASS">
          <reporter-output>
          </reporter-output>
        </test-method> <!-- sendmail -->
        <test-method is-config="true" signature="logout()[pri:0, instance:testCases.sendmail_Next@43dac38f]" started-at="2023-11-08T15:41:59 IST" name="logout" finished-at="2023-11-08T15:41:59 IST" duration-ms="5" status="PASS">
          <reporter-output>
          </reporter-output>
        </test-method> <!-- logout -->
        <test-method is-config="true" signature="closeApp()[pri:0, instance:testCases.sendmail_Next@43dac38f]" started-at="2023-11-08T15:42:00 IST" name="closeApp" finished-at="2023-11-08T15:42:00 IST" duration-ms="1" status="PASS">
          <reporter-output>
          </reporter-output>
        </test-method> <!-- closeApp -->
      </class> <!-- testCases.sendmail_Next -->
    </test> <!-- Default test -->
  </suite> <!-- Default suite -->
</testng-results>
